<?xml version="1.0" encoding="UTF-8"?>
<testng-results ignored="0" total="2" passed="2" failed="0" skipped="0">
  <reporter-output>
  </reporter-output>
  <suite started-at="2023-07-15T17:40:48 IST" name="Surefire suite" finished-at="2023-07-15T17:41:00 IST" duration-ms="11741">
    <groups>
      <group name="cucumber">
        <method signature="AbstractTestNGCucumberTests.runScenario(io.cucumber.testng.PickleWrapper,io.cucumber.testng.FeatureWrapper)[pri:0, instance:runner.RunTests@57d7f8ca]" name="runScenario" class="io.cucumber.testng.AbstractTestNGCucumberTests"/>
      </group> <!-- cucumber -->
    </groups>
    <test started-at="2023-07-15T17:40:48 IST" name="Surefire test" finished-at="2023-07-15T17:41:00 IST" duration-ms="11741">
      <class name="runner.RunTests">
        <test-method is-config="true" signature="setUpClass()[pri:0, instance:runner.RunTests@57d7f8ca]" started-at="2023-07-15T17:40:48 IST" name="setUpClass" finished-at="2023-07-15T17:40:48 IST" duration-ms="451" status="PASS">
          <reporter-output>
          </reporter-output>
        </test-method> <!-- setUpClass -->
        <test-method signature="runScenario(io.cucumber.testng.PickleWrapper,io.cucumber.testng.FeatureWrapper)[pri:0, instance:runner.RunTests@57d7f8ca]" started-at="2023-07-15T17:40:48 IST" name="runScenario" description="Runs Cucumber Scenarios" data-provider="scenarios" finished-at="2023-07-15T17:40:55 IST" duration-ms="6641" status="PASS">
          <params>
            <param index="0">
              <value>
                <![CDATA["TC001_Creating an incident with valid credentials"]]>
              </value>
            </param>
            <param index="1">
              <value>
                <![CDATA["Create Incident"]]>
              </value>
            </param>
          </params>
          <reporter-output>
          </reporter-output>
        </test-method> <!-- runScenario -->
        <test-method signature="runScenario(io.cucumber.testng.PickleWrapper,io.cucumber.testng.FeatureWrapper)[pri:0, instance:runner.RunTests@57d7f8ca]" started-at="2023-07-15T17:40:55 IST" name="runScenario" description="Runs Cucumber Scenarios" data-provider="scenarios" finished-at="2023-07-15T17:41:00 IST" duration-ms="4602" status="PASS">
          <params>
            <param index="0">
              <value>
                <![CDATA["TC002_Creating an incident with valid credentials"]]>
              </value>
            </param>
            <param index="1">
              <value>
                <![CDATA["Create Incident"]]>
              </value>
            </param>
          </params>
          <reporter-output>
          </reporter-output>
        </test-method> <!-- runScenario -->
        <test-method is-config="true" signature="tearDownClass()[pri:0, instance:runner.RunTests@57d7f8ca]" started-at="2023-07-15T17:41:00 IST" name="tearDownClass" finished-at="2023-07-15T17:41:00 IST" duration-ms="2" status="PASS">
          <reporter-output>
          </reporter-output>
        </test-method> <!-- tearDownClass -->
      </class> <!-- runner.RunTests -->
    </test> <!-- Surefire test -->
  </suite> <!-- Surefire suite -->
</testng-results>
